<?xml version="1.0" encoding="UTF-8"?>
<robot generator="Robot 3.1.2 (Python 3.8.2 on win32)" generated="20200405 14:42:08.271" rpa="false">
<suite id="s1" name="MonProjet21032020" source="C:\Users\akonte\git\RobotProject\MonProjet21032020">
<suite id="s1-s1" name="Test" source="C:\Users\akonte\git\RobotProject\MonProjet21032020\Test">
<suite id="s1-s1-s1" name="Test1" source="C:\Users\akonte\git\RobotProject\MonProjet21032020\Test\Test1.robot">
<kw name="Log" library="BuiltIn" type="setup">
<doc>Logs the given message with the given level.</doc>
<arguments>
<arg>I am inside Test Suite setup</arg>
</arguments>
<msg timestamp="20200405 14:42:09.215" level="INFO">I am inside Test Suite setup</msg>
<status status="PASS" starttime="20200405 14:42:09.214" endtime="20200405 14:42:09.215"></status>
</kw>
<test id="s1-s1-s1-t1" name="MyFirstTest">
<kw name="Log" library="BuiltIn" type="setup">
<doc>Logs the given message with the given level.</doc>
<arguments>
<arg>I am inside Test setup</arg>
</arguments>
<msg timestamp="20200405 14:42:09.218" level="INFO">I am inside Test setup</msg>
<status status="PASS" starttime="20200405 14:42:09.217" endtime="20200405 14:42:09.218"></status>
</kw>
<kw name="Log" library="BuiltIn">
<doc>Logs the given message with the given level.</doc>
<arguments>
<arg>Hello world...</arg>
</arguments>
<msg timestamp="20200405 14:42:09.220" level="INFO">Hello world...</msg>
<status status="PASS" starttime="20200405 14:42:09.219" endtime="20200405 14:42:09.220"></status>
</kw>
<kw name="Log" library="BuiltIn" type="teardown">
<doc>Logs the given message with the given level.</doc>
<arguments>
<arg>I am inside Test Teardown</arg>
</arguments>
<msg timestamp="20200405 14:42:09.221" level="INFO">I am inside Test Teardown</msg>
<status status="PASS" starttime="20200405 14:42:09.221" endtime="20200405 14:42:09.222"></status>
</kw>
<tags>
<tag>Smoke</tag>
</tags>
<status status="PASS" starttime="20200405 14:42:09.216" endtime="20200405 14:42:09.222" critical="yes"></status>
</test>
<kw name="Log" library="BuiltIn" type="teardown">
<doc>Logs the given message with the given level.</doc>
<arguments>
<arg>I am inside Test Teardown</arg>
</arguments>
<msg timestamp="20200405 14:42:09.224" level="INFO">I am inside Test Teardown</msg>
<status status="PASS" starttime="20200405 14:42:09.224" endtime="20200405 14:42:09.225"></status>
</kw>
<status status="PASS" starttime="20200405 14:42:08.475" endtime="20200405 14:42:09.225"></status>
</suite>
<status status="PASS" starttime="20200405 14:42:08.469" endtime="20200405 14:42:09.229"></status>
</suite>
<status status="PASS" starttime="20200405 14:42:08.432" endtime="20200405 14:42:09.233"></status>
</suite>
<statistics>
<total>
<stat pass="1" fail="0">Critical Tests</stat>
<stat pass="1" fail="0">All Tests</stat>
</total>
<tag>
<stat pass="1" fail="0">Smoke</stat>
</tag>
<suite>
<stat pass="1" fail="0" id="s1" name="MonProjet21032020">MonProjet21032020</stat>
<stat pass="1" fail="0" id="s1-s1" name="Test">MonProjet21032020.Test</stat>
<stat pass="1" fail="0" id="s1-s1-s1" name="Test1">MonProjet21032020.Test.Test1</stat>
</suite>
</statistics>
<errors>
<msg timestamp="20200405 14:42:08.252" level="WARN">Collapsing consecutive whitespace during parsing is deprecated. Fix ' #' in file 'C:\Users\akonte\git\RobotProject\MonProjet21032020\Test\Test1.robot' on line 31.</msg>
<msg timestamp="20200405 14:42:08.253" level="WARN">Collapsing consecutive whitespace during parsing is deprecated. Fix ' #' in file 'C:\Users\akonte\git\RobotProject\MonProjet21032020\Test\Test1.robot' on line 32.</msg>
<msg timestamp="20200405 14:42:08.253" level="WARN">Collapsing consecutive whitespace during parsing is deprecated. Fix ' #' in file 'C:\Users\akonte\git\RobotProject\MonProjet21032020\Test\Test1.robot' on line 33.</msg>
<msg timestamp="20200405 14:42:08.253" level="WARN">Collapsing consecutive whitespace during parsing is deprecated. Fix ' #' in file 'C:\Users\akonte\git\RobotProject\MonProjet21032020\Test\Test1.robot' on line 34.</msg>
<msg timestamp="20200405 14:42:08.253" level="WARN">Collapsing consecutive whitespace during parsing is deprecated. Fix ' #' in file 'C:\Users\akonte\git\RobotProject\MonProjet21032020\Test\Test1.robot' on line 35.</msg>
<msg timestamp="20200405 14:42:08.253" level="WARN">Collapsing consecutive whitespace during parsing is deprecated. Fix ' #' in file 'C:\Users\akonte\git\RobotProject\MonProjet21032020\Test\Test1.robot' on line 36.</msg>
<msg timestamp="20200405 14:42:08.254" level="WARN">Collapsing consecutive whitespace during parsing is deprecated. Fix ' #' in file 'C:\Users\akonte\git\RobotProject\MonProjet21032020\Test\Test1.robot' on line 37.</msg>
<msg timestamp="20200405 14:42:08.254" level="WARN">Collapsing consecutive whitespace during parsing is deprecated. Fix ' #' in file 'C:\Users\akonte\git\RobotProject\MonProjet21032020\Test\Test1.robot' on line 40.</msg>
<msg timestamp="20200405 14:42:08.254" level="WARN">Collapsing consecutive whitespace during parsing is deprecated. Fix ' #' in file 'C:\Users\akonte\git\RobotProject\MonProjet21032020\Test\Test1.robot' on line 41.</msg>
<msg timestamp="20200405 14:42:08.254" level="WARN">Collapsing consecutive whitespace during parsing is deprecated. Fix ' #' in file 'C:\Users\akonte\git\RobotProject\MonProjet21032020\Test\Test1.robot' on line 42.</msg>
<msg timestamp="20200405 14:42:08.254" level="WARN">Collapsing consecutive whitespace during parsing is deprecated. Fix ' #' in file 'C:\Users\akonte\git\RobotProject\MonProjet21032020\Test\Test1.robot' on line 43.</msg>
<msg timestamp="20200405 14:42:08.254" level="WARN">Collapsing consecutive whitespace during parsing is deprecated. Fix ' #' in file 'C:\Users\akonte\git\RobotProject\MonProjet21032020\Test\Test1.robot' on line 44.</msg>
<msg timestamp="20200405 14:42:08.254" level="WARN">Collapsing consecutive whitespace during parsing is deprecated. Fix ' #' in file 'C:\Users\akonte\git\RobotProject\MonProjet21032020\Test\Test1.robot' on line 45.</msg>
<msg timestamp="20200405 14:42:08.255" level="WARN">Collapsing consecutive whitespace during parsing is deprecated. Fix ' #' in file 'C:\Users\akonte\git\RobotProject\MonProjet21032020\Test\Test1.robot' on line 46.</msg>
<msg timestamp="20200405 14:42:08.255" level="WARN">Collapsing consecutive whitespace during parsing is deprecated. Fix ' #' in file 'C:\Users\akonte\git\RobotProject\MonProjet21032020\Test\Test1.robot' on line 47.</msg>
</errors>
</robot>
