<?xml version="1.0" encoding="UTF-8"?>
<robot generator="Robot 3.1.2 (Python 3.8.2 on win32)" generated="20200403 16:57:49.025" rpa="false">
<suite id="s1" name="Test1" source="C:\Users\akonte\eclipse-workspace\MonProjet21032020\Test\Test1.robot">
<kw name="Log" library="BuiltIn" type="setup">
<doc>Logs the given message with the given level.</doc>
<arguments>
<arg>I am inside Test Suite setup</arg>
</arguments>
<msg timestamp="20200403 16:57:49.710" level="INFO">I am inside Test Suite setup</msg>
<status status="PASS" starttime="20200403 16:57:49.710" endtime="20200403 16:57:49.710"></status>
</kw>
<test id="s1-t1" name="MySecondTest">
<kw name="Log" library="BuiltIn" type="setup">
<doc>Logs the given message with the given level.</doc>
<arguments>
<arg>I am inside Test setup</arg>
</arguments>
<msg timestamp="20200403 16:57:49.711" level="INFO">I am inside Test setup</msg>
<status status="PASS" starttime="20200403 16:57:49.711" endtime="20200403 16:57:49.711"></status>
</kw>
<kw name="Log" library="BuiltIn">
<doc>Logs the given message with the given level.</doc>
<arguments>
<arg>I am inside 2nd Test</arg>
</arguments>
<msg timestamp="20200403 16:57:49.712" level="INFO">I am inside 2nd Test</msg>
<status status="PASS" starttime="20200403 16:57:49.712" endtime="20200403 16:57:49.712"></status>
</kw>
<kw name="Set Tags" library="BuiltIn">
<doc>Adds given ``tags`` for the current test or all tests in a suite.</doc>
<arguments>
<arg>regression1</arg>
</arguments>
<msg timestamp="20200403 16:57:49.713" level="INFO">Set tag 'regression1'.</msg>
<status status="PASS" starttime="20200403 16:57:49.713" endtime="20200403 16:57:49.713"></status>
</kw>
<kw name="Remove Tags" library="BuiltIn">
<doc>Removes given ``tags`` from the current test or all tests in a suite.</doc>
<arguments>
<arg>regression1</arg>
</arguments>
<msg timestamp="20200403 16:57:49.715" level="INFO">Removed tag 'regression1'.</msg>
<status status="PASS" starttime="20200403 16:57:49.714" endtime="20200403 16:57:49.715"></status>
</kw>
<kw name="Log" library="BuiltIn" type="teardown">
<doc>Logs the given message with the given level.</doc>
<arguments>
<arg>I am inside Test Teardown</arg>
</arguments>
<msg timestamp="20200403 16:57:49.716" level="INFO">I am inside Test Teardown</msg>
<status status="PASS" starttime="20200403 16:57:49.716" endtime="20200403 16:57:49.716"></status>
</kw>
<tags>
<tag>Example</tag>
</tags>
<status status="PASS" starttime="20200403 16:57:49.710" endtime="20200403 16:57:49.717" critical="yes"></status>
</test>
<kw name="Log" library="BuiltIn" type="teardown">
<doc>Logs the given message with the given level.</doc>
<arguments>
<arg>I am inside Test Teardown</arg>
</arguments>
<msg timestamp="20200403 16:57:49.720" level="INFO">I am inside Test Teardown</msg>
<status status="PASS" starttime="20200403 16:57:49.719" endtime="20200403 16:57:49.720"></status>
</kw>
<status status="PASS" starttime="20200403 16:57:49.033" endtime="20200403 16:57:49.720"></status>
</suite>
<statistics>
<total>
<stat pass="1" fail="0">Critical Tests</stat>
<stat pass="1" fail="0">All Tests</stat>
</total>
<tag>
<stat pass="1" fail="0">Example</stat>
</tag>
<suite>
<stat pass="1" fail="0" id="s1" name="Test1">Test1</stat>
</suite>
</statistics>
<errors>
<msg timestamp="20200403 16:57:48.982" level="WARN">Collapsing consecutive whitespace during parsing is deprecated. Fix ' #' in file 'C:\Users\akonte\eclipse-workspace\MonProjet21032020\Test\Test1.robot' on line 28.</msg>
<msg timestamp="20200403 16:57:48.983" level="WARN">Collapsing consecutive whitespace during parsing is deprecated. Fix ' #' in file 'C:\Users\akonte\eclipse-workspace\MonProjet21032020\Test\Test1.robot' on line 29.</msg>
<msg timestamp="20200403 16:57:48.985" level="WARN">Collapsing consecutive whitespace during parsing is deprecated. Fix ' #' in file 'C:\Users\akonte\eclipse-workspace\MonProjet21032020\Test\Test1.robot' on line 30.</msg>
<msg timestamp="20200403 16:57:48.986" level="WARN">Collapsing consecutive whitespace during parsing is deprecated. Fix ' #' in file 'C:\Users\akonte\eclipse-workspace\MonProjet21032020\Test\Test1.robot' on line 31.</msg>
<msg timestamp="20200403 16:57:48.987" level="WARN">Collapsing consecutive whitespace during parsing is deprecated. Fix ' #' in file 'C:\Users\akonte\eclipse-workspace\MonProjet21032020\Test\Test1.robot' on line 32.</msg>
<msg timestamp="20200403 16:57:48.989" level="WARN">Collapsing consecutive whitespace during parsing is deprecated. Fix ' #' in file 'C:\Users\akonte\eclipse-workspace\MonProjet21032020\Test\Test1.robot' on line 33.</msg>
<msg timestamp="20200403 16:57:48.990" level="WARN">Collapsing consecutive whitespace during parsing is deprecated. Fix ' #' in file 'C:\Users\akonte\eclipse-workspace\MonProjet21032020\Test\Test1.robot' on line 34.</msg>
<msg timestamp="20200403 16:57:48.994" level="WARN">Collapsing consecutive whitespace during parsing is deprecated. Fix ' #' in file 'C:\Users\akonte\eclipse-workspace\MonProjet21032020\Test\Test1.robot' on line 37.</msg>
<msg timestamp="20200403 16:57:48.995" level="WARN">Collapsing consecutive whitespace during parsing is deprecated. Fix ' #' in file 'C:\Users\akonte\eclipse-workspace\MonProjet21032020\Test\Test1.robot' on line 38.</msg>
<msg timestamp="20200403 16:57:48.997" level="WARN">Collapsing consecutive whitespace during parsing is deprecated. Fix ' #' in file 'C:\Users\akonte\eclipse-workspace\MonProjet21032020\Test\Test1.robot' on line 39.</msg>
<msg timestamp="20200403 16:57:48.998" level="WARN">Collapsing consecutive whitespace during parsing is deprecated. Fix ' #' in file 'C:\Users\akonte\eclipse-workspace\MonProjet21032020\Test\Test1.robot' on line 40.</msg>
<msg timestamp="20200403 16:57:48.999" level="WARN">Collapsing consecutive whitespace during parsing is deprecated. Fix ' #' in file 'C:\Users\akonte\eclipse-workspace\MonProjet21032020\Test\Test1.robot' on line 41.</msg>
<msg timestamp="20200403 16:57:49.002" level="WARN">Collapsing consecutive whitespace during parsing is deprecated. Fix ' #' in file 'C:\Users\akonte\eclipse-workspace\MonProjet21032020\Test\Test1.robot' on line 42.</msg>
<msg timestamp="20200403 16:57:49.004" level="WARN">Collapsing consecutive whitespace during parsing is deprecated. Fix ' #' in file 'C:\Users\akonte\eclipse-workspace\MonProjet21032020\Test\Test1.robot' on line 43.</msg>
<msg timestamp="20200403 16:57:49.005" level="WARN">Collapsing consecutive whitespace during parsing is deprecated. Fix ' #' in file 'C:\Users\akonte\eclipse-workspace\MonProjet21032020\Test\Test1.robot' on line 44.</msg>
</errors>
</robot>
